<?xml version="1.0" encoding="UTF-8"?>
<!-- Generated by org.testng.reporters.JUnitReportReporter -->
<testsuite hostname="DESKTOP-ORPOME9" failures="0" tests="2" name="day1_04072025.AnotationsDemo" time="0.010" errors="0" timestamp="2025-04-10T08:28:26 IST" skipped="0">
  <testcase classname="day1_04072025.AnotationsDemo" name="Test1" time="0.008"/>
  <testcase classname="day1_04072025.AnotationsDemo" name="Test2" time="0.002"/>
</testsuite> <!-- day1_04072025.AnotationsDemo -->
